{"C:\\Users\\david\\Documents\\Projects\\Typescript\\packages\\backend\\src\\routes\\dashboardRoutes.ts": {"path":"C:\\Users\\david\\Documents\\Projects\\Typescript\\packages\\backend\\src\\routes\\dashboardRoutes.ts","statementMap":{"0":{"start":{"line":8,"column":0},"end":{"line":8,"column":16}},"1":{"start":{"line":1,"column":0},"end":{"line":1,"column":52}},"2":{"start":{"line":2,"column":0},"end":{"line":2,"column":28}},"3":{"start":{"line":6,"column":15},"end":{"line":6,"column":58}},"4":{"start":{"line":9,"column":17},"end":{"line":9,"column":25}},"5":{"start":{"line":12,"column":2},"end":{"line":28,"column":5}},"6":{"start":{"line":13,"column":4},"end":{"line":27,"column":5}},"7":{"start":{"line":14,"column":22},"end":{"line":14,"column":57}},"8":{"start":{"line":15,"column":35},"end":{"line":15,"column":44}},"9":{"start":{"line":16,"column":6},"end":{"line":18,"column":7}},"10":{"start":{"line":17,"column":8},"end":{"line":17,"column":38}},"11":{"start":{"line":19,"column":17},"end":{"line":19,"column":27}},"12":{"start":{"line":21,"column":23},"end":{"line":21,"column":80}},"13":{"start":{"line":23,"column":6},"end":{"line":23,"column":25}},"14":{"start":{"line":25,"column":6},"end":{"line":25,"column":66}},"15":{"start":{"line":26,"column":6},"end":{"line":26,"column":63}},"16":{"start":{"line":31,"column":2},"end":{"line":42,"column":5}},"17":{"start":{"line":32,"column":4},"end":{"line":41,"column":5}},"18":{"start":{"line":33,"column":22},"end":{"line":33,"column":58}},"19":{"start":{"line":35,"column":6},"end":{"line":35,"column":74}},"20":{"start":{"line":37,"column":6},"end":{"line":37,"column":29}},"21":{"start":{"line":39,"column":6},"end":{"line":39,"column":63}},"22":{"start":{"line":40,"column":6},"end":{"line":40,"column":63}},"23":{"start":{"line":45,"column":2},"end":{"line":58,"column":5}},"24":{"start":{"line":46,"column":4},"end":{"line":57,"column":5}},"25":{"start":{"line":47,"column":6},"end":{"line":49,"column":7}},"26":{"start":{"line":48,"column":8},"end":{"line":48,"column":67}},"27":{"start":{"line":51,"column":29},"end":{"line":51,"column":89}},"28":{"start":{"line":53,"column":6},"end":{"line":53,"column":51}},"29":{"start":{"line":55,"column":6},"end":{"line":55,"column":63}},"30":{"start":{"line":56,"column":6},"end":{"line":56,"column":63}},"31":{"start":{"line":60,"column":2},"end":{"line":60,"column":16}}},"fnMap":{"0":{"name":"createDashboardRouter","decl":{"start":{"line":8,"column":16},"end":{"line":8,"column":37}},"loc":{"start":{"line":8,"column":73},"end":{"line":61,"column":1}}},"1":{"name":"(anonymous_2)","decl":{"start":{"line":12,"column":43},"end":{"line":12,"column":48}},"loc":{"start":{"line":12,"column":81},"end":{"line":28,"column":3}}},"2":{"name":"(anonymous_3)","decl":{"start":{"line":31,"column":40},"end":{"line":31,"column":45}},"loc":{"start":{"line":31,"column":78},"end":{"line":42,"column":3}}},"3":{"name":"(anonymous_4)","decl":{"start":{"line":45,"column":62},"end":{"line":45,"column":67}},"loc":{"start":{"line":45,"column":100},"end":{"line":58,"column":3}}}},"branchMap":{"0":{"loc":{"start":{"line":16,"column":6},"end":{"line":18,"column":7}},"type":"if","locations":[{"start":{"line":16,"column":6},"end":{"line":18,"column":7}},{"start":{},"end":{}}]},"1":{"loc":{"start":{"line":47,"column":6},"end":{"line":49,"column":7}},"type":"if","locations":[{"start":{"line":47,"column":6},"end":{"line":49,"column":7}},{"start":{},"end":{}}]}},"s":{"0":1,"1":1,"2":1,"3":1,"4":8,"5":8,"6":3,"7":3,"8":3,"9":3,"10":2,"11":3,"12":3,"13":2,"14":1,"15":1,"16":8,"17":2,"18":2,"19":2,"20":1,"21":1,"22":1,"23":8,"24":3,"25":3,"26":1,"27":2,"28":1,"29":1,"30":1,"31":8},"f":{"0":8,"1":3,"2":2,"3":3},"b":{"0":[2,1],"1":[1,2]}}
}
