TN:
SF:packages\backend\src\routes\dashboardRoutes.ts
FN:8,createDashboardRouter
FN:12,(anonymous_2)
FN:31,(anonymous_3)
FN:45,(anonymous_4)
FNF:4
FNH:4
FNDA:8,createDashboardRouter
FNDA:3,(anonymous_2)
FNDA:2,(anonymous_3)
FNDA:3,(anonymous_4)
DA:1,1
DA:2,1
DA:6,1
DA:8,1
DA:9,8
DA:12,8
DA:13,3
DA:14,3
DA:15,3
DA:16,3
DA:17,2
DA:19,3
DA:21,3
DA:23,2
DA:25,1
DA:26,1
DA:31,8
DA:32,2
DA:33,2
DA:35,2
DA:37,1
DA:39,1
DA:40,1
DA:45,8
DA:46,3
DA:47,3
DA:48,1
DA:51,2
DA:53,1
DA:55,1
DA:56,1
DA:60,8
LF:32
LH:32
BRDA:16,0,0,2
BRDA:16,0,1,1
BRDA:47,1,0,1
BRDA:47,1,1,2
BRF:4
BRH:4
end_of_record
